<?xml version="1.0" encoding="UTF-8"?>
<!-- Generated by org.testng.reporters.JUnitXMLReporter -->
<testsuite ignored="0" hostname="LTIN234790" failures="0" tests="5" name="Test1" time="177.621" errors="0" timestamp="2024-06-07T11:55:56 IST">
  <testcase classname="testCases.TC_001_FindDetailsOfBookShelves" name="searchbookshelves" time="42.7"/>
  <testcase classname="testCases.TC_002_ItemsUnderLiving" name="Items" time="16.056"/>
  <testcase classname="testCases.TC_003_GiftCards" name="ClickGiftCards" time="68.624"/>
  <testcase classname="testCases.TC_003_GiftCards" name="GetErrorMsg" time="10.138"/>
  <testcase classname="testCases.TC_003_GiftCards" name="ValidateDetails" time="19.017"/>
</testsuite> <!-- Test1 -->
